15 Jun 2016 12:11:43 INFO main  org.springframework.boot.context.embedded.AnnotationConfigEmbeddedWebApplicationContext - Refreshing org.springframework.boot.context.embedded.AnnotationConfigEmbeddedWebApplicationContext@9dbdb3b: startup date [Wed Jun 15 12:11:43 BST 2016]; root of context hierarchy
15 Jun 2016 12:11:43 INFO main  org.springframework.context.support.PostProcessorRegistrationDelegate$BeanPostProcessorChecker - Bean 'org.springframework.transaction.annotation.ProxyTransactionManagementConfiguration' of type [class org.springframework.transaction.annotation.ProxyTransactionManagementConfiguration$$EnhancerBySpringCGLIB$$8ce64bd9] is not eligible for getting processed by all BeanPostProcessors (for example: not eligible for auto-proxying)
15 Jun 2016 12:11:43 INFO main  org.springframework.context.support.PostProcessorRegistrationDelegate$BeanPostProcessorChecker - Bean 'org.springframework.security.config.annotation.configuration.ObjectPostProcessorConfiguration' of type [class org.springframework.security.config.annotation.configuration.ObjectPostProcessorConfiguration$$EnhancerBySpringCGLIB$$25941413] is not eligible for getting processed by all BeanPostProcessors (for example: not eligible for auto-proxying)
15 Jun 2016 12:11:44 INFO main  org.springframework.context.support.PostProcessorRegistrationDelegate$BeanPostProcessorChecker - Bean 'objectPostProcessor' of type [class org.springframework.security.config.annotation.configuration.AutowireBeanFactoryObjectPostProcessor] is not eligible for getting processed by all BeanPostProcessors (for example: not eligible for auto-proxying)
15 Jun 2016 12:11:44 INFO main  org.springframework.context.support.PostProcessorRegistrationDelegate$BeanPostProcessorChecker - Bean 'org.springframework.security.access.expression.method.DefaultMethodSecurityExpressionHandler@7727101c' of type [class org.springframework.security.access.expression.method.DefaultMethodSecurityExpressionHandler] is not eligible for getting processed by all BeanPostProcessors (for example: not eligible for auto-proxying)
15 Jun 2016 12:11:44 INFO main  org.springframework.context.support.PostProcessorRegistrationDelegate$BeanPostProcessorChecker - Bean 'org.springframework.security.config.annotation.method.configuration.GlobalMethodSecurityConfiguration' of type [class org.springframework.security.config.annotation.method.configuration.GlobalMethodSecurityConfiguration$$EnhancerBySpringCGLIB$$4a68b6c5] is not eligible for getting processed by all BeanPostProcessors (for example: not eligible for auto-proxying)
15 Jun 2016 12:11:44 INFO main  org.springframework.context.support.PostProcessorRegistrationDelegate$BeanPostProcessorChecker - Bean 'methodSecurityMetadataSource' of type [class org.springframework.security.access.method.DelegatingMethodSecurityMetadataSource] is not eligible for getting processed by all BeanPostProcessors (for example: not eligible for auto-proxying)
15 Jun 2016 12:11:44 INFO main  org.springframework.boot.context.embedded.tomcat.TomcatEmbeddedServletContainer - Tomcat initialized with port(s): 8080 (http)
15 Jun 2016 12:11:44 INFO localhost-startStop-1  org.springframework.web.context.ContextLoader - Root WebApplicationContext: initialization completed in 1295 ms
15 Jun 2016 12:11:44 INFO localhost-startStop-1  org.springframework.boot.context.embedded.FilterRegistrationBean - Mapping filter: 'characterEncodingFilter' to: [/*]
15 Jun 2016 12:11:44 INFO localhost-startStop-1  org.springframework.boot.context.embedded.FilterRegistrationBean - Mapping filter: 'hiddenHttpMethodFilter' to: [/*]
15 Jun 2016 12:11:44 INFO localhost-startStop-1  org.springframework.boot.context.embedded.FilterRegistrationBean - Mapping filter: 'httpPutFormContentFilter' to: [/*]
15 Jun 2016 12:11:44 INFO localhost-startStop-1  org.springframework.boot.context.embedded.FilterRegistrationBean - Mapping filter: 'requestContextFilter' to: [/*]
15 Jun 2016 12:11:44 INFO localhost-startStop-1  org.springframework.boot.context.embedded.DelegatingFilterProxyRegistrationBean - Mapping filter: 'springSecurityFilterChain' to: [/*]
15 Jun 2016 12:11:44 INFO localhost-startStop-1  org.springframework.boot.context.embedded.ServletRegistrationBean - Mapping servlet: 'dispatcherServlet' to [/]
15 Jun 2016 12:11:44 INFO localhost-startStop-1  org.springframework.security.web.DefaultSecurityFilterChain - Creating filter chain: org.springframework.security.web.util.matcher.AnyRequestMatcher@1, [org.springframework.security.web.context.request.async.WebAsyncManagerIntegrationFilter@1f243680, org.springframework.security.web.context.SecurityContextPersistenceFilter@6e04a8e, org.springframework.security.web.header.HeaderWriterFilter@79a912f8, org.springframework.security.web.authentication.logout.LogoutFilter@6bd6b57, org.springframework.security.web.authentication.www.BasicAuthenticationFilter@18dd219e, org.springframework.security.web.savedrequest.RequestCacheAwareFilter@2449c1f5, org.springframework.security.web.servletapi.SecurityContextHolderAwareRequestFilter@1cc5ddad, org.springframework.security.web.authentication.AnonymousAuthenticationFilter@7e0cde2b, org.springframework.security.web.session.SessionManagementFilter@66c57d5e, org.springframework.security.web.access.ExceptionTranslationFilter@4ae71a3f, org.springframework.security.web.access.intercept.FilterSecurityInterceptor@7f23c59d]
15 Jun 2016 12:11:45 INFO main  org.springframework.orm.jpa.LocalContainerEntityManagerFactoryBean - Building JPA container EntityManagerFactory for persistence unit 'default'
15 Jun 2016 12:11:45 INFO main  org.springframework.boot.autoconfigure.security.AuthenticationManagerConfiguration - 

Using default security password: 220b497f-aa69-40ac-a60d-304dd28033b2

15 Jun 2016 12:11:46 INFO main  org.springframework.web.servlet.mvc.method.annotation.RequestMappingHandlerAdapter - Looking for @ControllerAdvice: org.springframework.boot.context.embedded.AnnotationConfigEmbeddedWebApplicationContext@9dbdb3b: startup date [Wed Jun 15 12:11:43 BST 2016]; root of context hierarchy
15 Jun 2016 12:11:46 INFO main  org.springframework.web.servlet.mvc.method.annotation.RequestMappingHandlerMapping - Mapped "{[/createFootballTeam],methods=[POST]}" onto public sis.tv.util.JsonResponse sis.tv.controller.FootballController.createFootballTeam(javax.servlet.http.HttpServletRequest,java.util.Map<java.lang.String, java.lang.Object>)
15 Jun 2016 12:11:46 INFO main  org.springframework.web.servlet.mvc.method.annotation.RequestMappingHandlerMapping - Mapped "{[/getAllFootballTeams],methods=[GET]}" onto public sis.tv.util.JsonResponse sis.tv.controller.FootballController.getAllFootballTeams(java.lang.String)
15 Jun 2016 12:11:46 INFO main  org.springframework.web.servlet.mvc.method.annotation.RequestMappingHandlerMapping - Mapped "{[/getFootballTeamByName],methods=[GET]}" onto public sis.tv.util.JsonResponse sis.tv.controller.FootballController.getFootballTeamByName(java.lang.String)
15 Jun 2016 12:11:46 INFO main  org.springframework.web.servlet.mvc.method.annotation.RequestMappingHandlerMapping - Mapped "{[/error]}" onto public org.springframework.http.ResponseEntity<java.util.Map<java.lang.String, java.lang.Object>> org.springframework.boot.autoconfigure.web.BasicErrorController.error(javax.servlet.http.HttpServletRequest)
15 Jun 2016 12:11:46 INFO main  org.springframework.web.servlet.mvc.method.annotation.RequestMappingHandlerMapping - Mapped "{[/error],produces=[text/html]}" onto public org.springframework.web.servlet.ModelAndView org.springframework.boot.autoconfigure.web.BasicErrorController.errorHtml(javax.servlet.http.HttpServletRequest,javax.servlet.http.HttpServletResponse)
15 Jun 2016 12:11:46 INFO main  org.springframework.web.servlet.handler.SimpleUrlHandlerMapping - Mapped URL path [/webjars/**] onto handler of type [class org.springframework.web.servlet.resource.ResourceHttpRequestHandler]
15 Jun 2016 12:11:46 INFO main  org.springframework.web.servlet.handler.SimpleUrlHandlerMapping - Mapped URL path [/**] onto handler of type [class org.springframework.web.servlet.resource.ResourceHttpRequestHandler]
15 Jun 2016 12:11:46 INFO main  org.springframework.web.servlet.handler.SimpleUrlHandlerMapping - Mapped URL path [/**/favicon.ico] onto handler of type [class org.springframework.web.servlet.resource.ResourceHttpRequestHandler]
15 Jun 2016 12:11:46 INFO main  org.springframework.jmx.export.annotation.AnnotationMBeanExporter - Registering beans for JMX exposure on startup
15 Jun 2016 12:11:46 INFO main  org.springframework.boot.context.embedded.tomcat.TomcatEmbeddedServletContainer - Tomcat started on port(s): 8080 (http)
15 Jun 2016 12:13:09 INFO http-nio-8080-exec-1  org.springframework.web.servlet.DispatcherServlet - FrameworkServlet 'dispatcherServlet': initialization started
15 Jun 2016 12:13:09 INFO http-nio-8080-exec-1  org.springframework.web.servlet.DispatcherServlet - FrameworkServlet 'dispatcherServlet': initialization completed in 11 ms
15 Jun 2016 12:14:24 INFO Thread-3  org.springframework.boot.context.embedded.AnnotationConfigEmbeddedWebApplicationContext - Closing org.springframework.boot.context.embedded.AnnotationConfigEmbeddedWebApplicationContext@9dbdb3b: startup date [Wed Jun 15 12:11:43 BST 2016]; root of context hierarchy
15 Jun 2016 12:14:24 INFO Thread-3  org.springframework.jmx.export.annotation.AnnotationMBeanExporter - Unregistering JMX-exposed beans on shutdown
15 Jun 2016 12:14:24 INFO Thread-3  org.springframework.orm.jpa.LocalContainerEntityManagerFactoryBean - Closing JPA EntityManagerFactory for persistence unit 'default'
15 Jun 2016 12:31:12 INFO main  org.springframework.boot.context.embedded.AnnotationConfigEmbeddedWebApplicationContext - Refreshing org.springframework.boot.context.embedded.AnnotationConfigEmbeddedWebApplicationContext@691d6d65: startup date [Wed Jun 15 12:31:12 BST 2016]; root of context hierarchy
15 Jun 2016 12:31:13 INFO main  org.springframework.context.support.PostProcessorRegistrationDelegate$BeanPostProcessorChecker - Bean 'org.springframework.transaction.annotation.ProxyTransactionManagementConfiguration' of type [class org.springframework.transaction.annotation.ProxyTransactionManagementConfiguration$$EnhancerBySpringCGLIB$$4f20b984] is not eligible for getting processed by all BeanPostProcessors (for example: not eligible for auto-proxying)
15 Jun 2016 12:31:13 INFO main  org.springframework.context.support.PostProcessorRegistrationDelegate$BeanPostProcessorChecker - Bean 'org.springframework.security.config.annotation.configuration.ObjectPostProcessorConfiguration' of type [class org.springframework.security.config.annotation.configuration.ObjectPostProcessorConfiguration$$EnhancerBySpringCGLIB$$e7ce81be] is not eligible for getting processed by all BeanPostProcessors (for example: not eligible for auto-proxying)
15 Jun 2016 12:31:13 INFO main  org.springframework.context.support.PostProcessorRegistrationDelegate$BeanPostProcessorChecker - Bean 'objectPostProcessor' of type [class org.springframework.security.config.annotation.configuration.AutowireBeanFactoryObjectPostProcessor] is not eligible for getting processed by all BeanPostProcessors (for example: not eligible for auto-proxying)
15 Jun 2016 12:31:13 INFO main  org.springframework.context.support.PostProcessorRegistrationDelegate$BeanPostProcessorChecker - Bean 'org.springframework.security.access.expression.method.DefaultMethodSecurityExpressionHandler@2af87960' of type [class org.springframework.security.access.expression.method.DefaultMethodSecurityExpressionHandler] is not eligible for getting processed by all BeanPostProcessors (for example: not eligible for auto-proxying)
15 Jun 2016 12:31:13 INFO main  org.springframework.context.support.PostProcessorRegistrationDelegate$BeanPostProcessorChecker - Bean 'org.springframework.security.config.annotation.method.configuration.GlobalMethodSecurityConfiguration' of type [class org.springframework.security.config.annotation.method.configuration.GlobalMethodSecurityConfiguration$$EnhancerBySpringCGLIB$$ca32470] is not eligible for getting processed by all BeanPostProcessors (for example: not eligible for auto-proxying)
15 Jun 2016 12:31:13 INFO main  org.springframework.context.support.PostProcessorRegistrationDelegate$BeanPostProcessorChecker - Bean 'methodSecurityMetadataSource' of type [class org.springframework.security.access.method.DelegatingMethodSecurityMetadataSource] is not eligible for getting processed by all BeanPostProcessors (for example: not eligible for auto-proxying)
15 Jun 2016 12:31:14 INFO main  org.springframework.boot.context.embedded.tomcat.TomcatEmbeddedServletContainer - Tomcat initialized with port(s): 8080 (http)
15 Jun 2016 12:31:14 INFO localhost-startStop-1  org.springframework.web.context.ContextLoader - Root WebApplicationContext: initialization completed in 1647 ms
15 Jun 2016 12:31:14 INFO localhost-startStop-1  org.springframework.boot.context.embedded.FilterRegistrationBean - Mapping filter: 'characterEncodingFilter' to: [/*]
15 Jun 2016 12:31:14 INFO localhost-startStop-1  org.springframework.boot.context.embedded.FilterRegistrationBean - Mapping filter: 'hiddenHttpMethodFilter' to: [/*]
15 Jun 2016 12:31:14 INFO localhost-startStop-1  org.springframework.boot.context.embedded.FilterRegistrationBean - Mapping filter: 'httpPutFormContentFilter' to: [/*]
15 Jun 2016 12:31:14 INFO localhost-startStop-1  org.springframework.boot.context.embedded.FilterRegistrationBean - Mapping filter: 'requestContextFilter' to: [/*]
15 Jun 2016 12:31:14 INFO localhost-startStop-1  org.springframework.boot.context.embedded.DelegatingFilterProxyRegistrationBean - Mapping filter: 'springSecurityFilterChain' to: [/*]
15 Jun 2016 12:31:14 INFO localhost-startStop-1  org.springframework.boot.context.embedded.ServletRegistrationBean - Mapping servlet: 'dispatcherServlet' to [/]
15 Jun 2016 12:31:14 INFO localhost-startStop-1  org.springframework.security.web.DefaultSecurityFilterChain - Creating filter chain: org.springframework.security.web.util.matcher.AnyRequestMatcher@1, [org.springframework.security.web.context.request.async.WebAsyncManagerIntegrationFilter@4cf842c4, org.springframework.security.web.context.SecurityContextPersistenceFilter@291a4475, org.springframework.security.web.header.HeaderWriterFilter@7239ccf2, org.springframework.security.web.authentication.logout.LogoutFilter@15f04e7, org.springframework.security.web.authentication.www.BasicAuthenticationFilter@142c9c9e, org.springframework.security.web.savedrequest.RequestCacheAwareFilter@607dd2f7, org.springframework.security.web.servletapi.SecurityContextHolderAwareRequestFilter@2c8924e, org.springframework.security.web.authentication.AnonymousAuthenticationFilter@2b06e274, org.springframework.security.web.session.SessionManagementFilter@3b98e800, org.springframework.security.web.access.ExceptionTranslationFilter@6720e830, org.springframework.security.web.access.intercept.FilterSecurityInterceptor@8dcd4fd]
15 Jun 2016 12:31:15 INFO main  org.springframework.orm.jpa.LocalContainerEntityManagerFactoryBean - Building JPA container EntityManagerFactory for persistence unit 'default'
15 Jun 2016 12:31:16 INFO main  org.springframework.boot.autoconfigure.security.AuthenticationManagerConfiguration - 

Using default security password: e41f237a-df85-48e9-967f-0fab361a546e

15 Jun 2016 12:31:16 INFO main  org.springframework.web.servlet.mvc.method.annotation.RequestMappingHandlerAdapter - Looking for @ControllerAdvice: org.springframework.boot.context.embedded.AnnotationConfigEmbeddedWebApplicationContext@691d6d65: startup date [Wed Jun 15 12:31:12 BST 2016]; root of context hierarchy
15 Jun 2016 12:31:16 INFO main  org.springframework.web.servlet.mvc.method.annotation.RequestMappingHandlerMapping - Mapped "{[/createFootballTeam],methods=[POST]}" onto public sis.tv.util.JsonResponse sis.tv.controller.FootballController.createFootballTeam(javax.servlet.http.HttpServletRequest,java.util.Map<java.lang.String, java.lang.Object>)
15 Jun 2016 12:31:16 INFO main  org.springframework.web.servlet.mvc.method.annotation.RequestMappingHandlerMapping - Mapped "{[/getAllFootballTeams],methods=[GET]}" onto public sis.tv.util.JsonResponse sis.tv.controller.FootballController.getAllFootballTeams(java.lang.String)
15 Jun 2016 12:31:16 INFO main  org.springframework.web.servlet.mvc.method.annotation.RequestMappingHandlerMapping - Mapped "{[/getFootballTeamByName],methods=[GET]}" onto public sis.tv.util.JsonResponse sis.tv.controller.FootballController.getFootballTeamByName(java.lang.String)
15 Jun 2016 12:31:16 INFO main  org.springframework.web.servlet.mvc.method.annotation.RequestMappingHandlerMapping - Mapped "{[/error]}" onto public org.springframework.http.ResponseEntity<java.util.Map<java.lang.String, java.lang.Object>> org.springframework.boot.autoconfigure.web.BasicErrorController.error(javax.servlet.http.HttpServletRequest)
15 Jun 2016 12:31:16 INFO main  org.springframework.web.servlet.mvc.method.annotation.RequestMappingHandlerMapping - Mapped "{[/error],produces=[text/html]}" onto public org.springframework.web.servlet.ModelAndView org.springframework.boot.autoconfigure.web.BasicErrorController.errorHtml(javax.servlet.http.HttpServletRequest,javax.servlet.http.HttpServletResponse)
15 Jun 2016 12:31:16 INFO main  org.springframework.web.servlet.handler.SimpleUrlHandlerMapping - Mapped URL path [/webjars/**] onto handler of type [class org.springframework.web.servlet.resource.ResourceHttpRequestHandler]
15 Jun 2016 12:31:16 INFO main  org.springframework.web.servlet.handler.SimpleUrlHandlerMapping - Mapped URL path [/**] onto handler of type [class org.springframework.web.servlet.resource.ResourceHttpRequestHandler]
15 Jun 2016 12:31:16 INFO main  org.springframework.web.servlet.handler.SimpleUrlHandlerMapping - Mapped URL path [/**/favicon.ico] onto handler of type [class org.springframework.web.servlet.resource.ResourceHttpRequestHandler]
15 Jun 2016 12:31:16 INFO main  org.springframework.jmx.export.annotation.AnnotationMBeanExporter - Registering beans for JMX exposure on startup
15 Jun 2016 12:31:17 INFO main  org.springframework.boot.context.embedded.tomcat.TomcatEmbeddedServletContainer - Tomcat started on port(s): 8080 (http)
15 Jun 2016 12:31:20 INFO Thread-4  org.springframework.boot.context.embedded.AnnotationConfigEmbeddedWebApplicationContext - Closing org.springframework.boot.context.embedded.AnnotationConfigEmbeddedWebApplicationContext@691d6d65: startup date [Wed Jun 15 12:31:12 BST 2016]; root of context hierarchy
15 Jun 2016 12:31:20 INFO Thread-4  org.springframework.jmx.export.annotation.AnnotationMBeanExporter - Unregistering JMX-exposed beans on shutdown
15 Jun 2016 12:31:20 INFO Thread-4  org.springframework.orm.jpa.LocalContainerEntityManagerFactoryBean - Closing JPA EntityManagerFactory for persistence unit 'default'
15 Jun 2016 12:59:56 INFO main  org.springframework.boot.context.embedded.AnnotationConfigEmbeddedWebApplicationContext - Refreshing org.springframework.boot.context.embedded.AnnotationConfigEmbeddedWebApplicationContext@51fc6966: startup date [Wed Jun 15 12:59:56 BST 2016]; root of context hierarchy
15 Jun 2016 12:59:57 INFO main  org.springframework.context.support.PostProcessorRegistrationDelegate$BeanPostProcessorChecker - Bean 'org.springframework.transaction.annotation.ProxyTransactionManagementConfiguration' of type [class org.springframework.transaction.annotation.ProxyTransactionManagementConfiguration$$EnhancerBySpringCGLIB$$85807b86] is not eligible for getting processed by all BeanPostProcessors (for example: not eligible for auto-proxying)
15 Jun 2016 12:59:57 INFO main  org.springframework.context.support.PostProcessorRegistrationDelegate$BeanPostProcessorChecker - Bean 'org.springframework.security.config.annotation.configuration.ObjectPostProcessorConfiguration' of type [class org.springframework.security.config.annotation.configuration.ObjectPostProcessorConfiguration$$EnhancerBySpringCGLIB$$1e2e43c0] is not eligible for getting processed by all BeanPostProcessors (for example: not eligible for auto-proxying)
15 Jun 2016 12:59:57 INFO main  org.springframework.context.support.PostProcessorRegistrationDelegate$BeanPostProcessorChecker - Bean 'objectPostProcessor' of type [class org.springframework.security.config.annotation.configuration.AutowireBeanFactoryObjectPostProcessor] is not eligible for getting processed by all BeanPostProcessors (for example: not eligible for auto-proxying)
15 Jun 2016 12:59:57 INFO main  org.springframework.context.support.PostProcessorRegistrationDelegate$BeanPostProcessorChecker - Bean 'org.springframework.security.access.expression.method.DefaultMethodSecurityExpressionHandler@3c38edc8' of type [class org.springframework.security.access.expression.method.DefaultMethodSecurityExpressionHandler] is not eligible for getting processed by all BeanPostProcessors (for example: not eligible for auto-proxying)
15 Jun 2016 12:59:57 INFO main  org.springframework.context.support.PostProcessorRegistrationDelegate$BeanPostProcessorChecker - Bean 'org.springframework.security.config.annotation.method.configuration.GlobalMethodSecurityConfiguration' of type [class org.springframework.security.config.annotation.method.configuration.GlobalMethodSecurityConfiguration$$EnhancerBySpringCGLIB$$4302e672] is not eligible for getting processed by all BeanPostProcessors (for example: not eligible for auto-proxying)
15 Jun 2016 12:59:57 INFO main  org.springframework.context.support.PostProcessorRegistrationDelegate$BeanPostProcessorChecker - Bean 'methodSecurityMetadataSource' of type [class org.springframework.security.access.method.DelegatingMethodSecurityMetadataSource] is not eligible for getting processed by all BeanPostProcessors (for example: not eligible for auto-proxying)
15 Jun 2016 12:59:58 INFO main  org.springframework.boot.context.embedded.tomcat.TomcatEmbeddedServletContainer - Tomcat initialized with port(s): 8080 (http)
15 Jun 2016 12:59:58 INFO localhost-startStop-1  org.springframework.web.context.ContextLoader - Root WebApplicationContext: initialization completed in 1542 ms
15 Jun 2016 12:59:58 INFO localhost-startStop-1  org.springframework.boot.context.embedded.FilterRegistrationBean - Mapping filter: 'characterEncodingFilter' to: [/*]
15 Jun 2016 12:59:58 INFO localhost-startStop-1  org.springframework.boot.context.embedded.FilterRegistrationBean - Mapping filter: 'hiddenHttpMethodFilter' to: [/*]
15 Jun 2016 12:59:58 INFO localhost-startStop-1  org.springframework.boot.context.embedded.FilterRegistrationBean - Mapping filter: 'httpPutFormContentFilter' to: [/*]
15 Jun 2016 12:59:58 INFO localhost-startStop-1  org.springframework.boot.context.embedded.FilterRegistrationBean - Mapping filter: 'requestContextFilter' to: [/*]
15 Jun 2016 12:59:58 INFO localhost-startStop-1  org.springframework.boot.context.embedded.DelegatingFilterProxyRegistrationBean - Mapping filter: 'springSecurityFilterChain' to: [/*]
15 Jun 2016 12:59:58 INFO localhost-startStop-1  org.springframework.boot.context.embedded.ServletRegistrationBean - Mapping servlet: 'dispatcherServlet' to [/]
15 Jun 2016 12:59:58 INFO localhost-startStop-1  org.springframework.security.web.DefaultSecurityFilterChain - Creating filter chain: org.springframework.security.web.util.matcher.AnyRequestMatcher@1, [org.springframework.security.web.context.request.async.WebAsyncManagerIntegrationFilter@1c75f74e, org.springframework.security.web.context.SecurityContextPersistenceFilter@13c1cb9c, org.springframework.security.web.header.HeaderWriterFilter@3a60442a, org.springframework.security.web.authentication.logout.LogoutFilter@114f16a8, org.springframework.security.web.authentication.www.BasicAuthenticationFilter@4a8214b4, org.springframework.security.web.savedrequest.RequestCacheAwareFilter@5c3eb3e6, org.springframework.security.web.servletapi.SecurityContextHolderAwareRequestFilter@203f4643, org.springframework.security.web.authentication.AnonymousAuthenticationFilter@7c6831c0, org.springframework.security.web.session.SessionManagementFilter@1e485af6, org.springframework.security.web.access.ExceptionTranslationFilter@4fe0f4d3, org.springframework.security.web.access.intercept.FilterSecurityInterceptor@6ba3459b]
15 Jun 2016 12:59:59 INFO main  org.springframework.orm.jpa.LocalContainerEntityManagerFactoryBean - Building JPA container EntityManagerFactory for persistence unit 'default'
15 Jun 2016 13:00:00 INFO main  org.springframework.boot.autoconfigure.security.AuthenticationManagerConfiguration - 

Using default security password: dbb43939-795e-4e32-aece-7f0561ebe4b9

15 Jun 2016 13:00:00 INFO main  org.springframework.web.servlet.mvc.method.annotation.RequestMappingHandlerAdapter - Looking for @ControllerAdvice: org.springframework.boot.context.embedded.AnnotationConfigEmbeddedWebApplicationContext@51fc6966: startup date [Wed Jun 15 12:59:56 BST 2016]; root of context hierarchy
15 Jun 2016 13:00:00 INFO main  org.springframework.web.servlet.mvc.method.annotation.RequestMappingHandlerMapping - Mapped "{[/createFootballTeam],methods=[POST]}" onto public sis.tv.util.JsonResponse sis.tv.controller.FootballController.createFootballTeam(javax.servlet.http.HttpServletRequest,java.util.Map<java.lang.String, java.lang.Object>)
15 Jun 2016 13:00:00 INFO main  org.springframework.web.servlet.mvc.method.annotation.RequestMappingHandlerMapping - Mapped "{[/getFootballTeamByName],methods=[GET]}" onto public sis.tv.util.JsonResponse sis.tv.controller.FootballController.getFootballTeamByName(java.lang.String)
15 Jun 2016 13:00:00 INFO main  org.springframework.web.servlet.mvc.method.annotation.RequestMappingHandlerMapping - Mapped "{[/getAllFootballTeams],methods=[GET]}" onto public sis.tv.util.JsonResponse sis.tv.controller.FootballController.getAllFootballTeams(java.lang.String)
15 Jun 2016 13:00:00 INFO main  org.springframework.web.servlet.mvc.method.annotation.RequestMappingHandlerMapping - Mapped "{[/error]}" onto public org.springframework.http.ResponseEntity<java.util.Map<java.lang.String, java.lang.Object>> org.springframework.boot.autoconfigure.web.BasicErrorController.error(javax.servlet.http.HttpServletRequest)
15 Jun 2016 13:00:00 INFO main  org.springframework.web.servlet.mvc.method.annotation.RequestMappingHandlerMapping - Mapped "{[/error],produces=[text/html]}" onto public org.springframework.web.servlet.ModelAndView org.springframework.boot.autoconfigure.web.BasicErrorController.errorHtml(javax.servlet.http.HttpServletRequest,javax.servlet.http.HttpServletResponse)
15 Jun 2016 13:00:00 INFO main  org.springframework.web.servlet.handler.SimpleUrlHandlerMapping - Mapped URL path [/webjars/**] onto handler of type [class org.springframework.web.servlet.resource.ResourceHttpRequestHandler]
15 Jun 2016 13:00:00 INFO main  org.springframework.web.servlet.handler.SimpleUrlHandlerMapping - Mapped URL path [/**] onto handler of type [class org.springframework.web.servlet.resource.ResourceHttpRequestHandler]
15 Jun 2016 13:00:00 INFO main  org.springframework.web.servlet.handler.SimpleUrlHandlerMapping - Mapped URL path [/**/favicon.ico] onto handler of type [class org.springframework.web.servlet.resource.ResourceHttpRequestHandler]
15 Jun 2016 13:00:00 INFO main  org.springframework.jmx.export.annotation.AnnotationMBeanExporter - Registering beans for JMX exposure on startup
15 Jun 2016 13:00:00 INFO main  org.springframework.boot.context.embedded.tomcat.TomcatEmbeddedServletContainer - Tomcat started on port(s): 8080 (http)
15 Jun 2016 13:00:20 INFO http-nio-8080-exec-1  org.springframework.web.servlet.DispatcherServlet - FrameworkServlet 'dispatcherServlet': initialization started
15 Jun 2016 13:00:20 INFO http-nio-8080-exec-1  org.springframework.web.servlet.DispatcherServlet - FrameworkServlet 'dispatcherServlet': initialization completed in 14 ms
15 Jun 2016 13:00:20 WARN http-nio-8080-exec-1  org.springframework.web.servlet.PageNotFound - Request method 'POST' not supported
15 Jun 2016 13:06:06 INFO Thread-4  org.springframework.boot.context.embedded.AnnotationConfigEmbeddedWebApplicationContext - Closing org.springframework.boot.context.embedded.AnnotationConfigEmbeddedWebApplicationContext@51fc6966: startup date [Wed Jun 15 12:59:56 BST 2016]; root of context hierarchy
15 Jun 2016 13:06:06 INFO Thread-4  org.springframework.jmx.export.annotation.AnnotationMBeanExporter - Unregistering JMX-exposed beans on shutdown
15 Jun 2016 13:06:06 INFO Thread-4  org.springframework.orm.jpa.LocalContainerEntityManagerFactoryBean - Closing JPA EntityManagerFactory for persistence unit 'default'
15 Jun 2016 13:06:13 INFO main  org.springframework.boot.context.embedded.AnnotationConfigEmbeddedWebApplicationContext - Refreshing org.springframework.boot.context.embedded.AnnotationConfigEmbeddedWebApplicationContext@54fff103: startup date [Wed Jun 15 13:06:13 BST 2016]; root of context hierarchy
15 Jun 2016 13:06:14 INFO main  org.springframework.context.support.PostProcessorRegistrationDelegate$BeanPostProcessorChecker - Bean 'org.springframework.transaction.annotation.ProxyTransactionManagementConfiguration' of type [class org.springframework.transaction.annotation.ProxyTransactionManagementConfiguration$$EnhancerBySpringCGLIB$$b91c5246] is not eligible for getting processed by all BeanPostProcessors (for example: not eligible for auto-proxying)
15 Jun 2016 13:06:14 INFO main  org.springframework.context.support.PostProcessorRegistrationDelegate$BeanPostProcessorChecker - Bean 'org.springframework.security.config.annotation.configuration.ObjectPostProcessorConfiguration' of type [class org.springframework.security.config.annotation.configuration.ObjectPostProcessorConfiguration$$EnhancerBySpringCGLIB$$51ca1a80] is not eligible for getting processed by all BeanPostProcessors (for example: not eligible for auto-proxying)
15 Jun 2016 13:06:14 INFO main  org.springframework.context.support.PostProcessorRegistrationDelegate$BeanPostProcessorChecker - Bean 'objectPostProcessor' of type [class org.springframework.security.config.annotation.configuration.AutowireBeanFactoryObjectPostProcessor] is not eligible for getting processed by all BeanPostProcessors (for example: not eligible for auto-proxying)
15 Jun 2016 13:06:14 INFO main  org.springframework.context.support.PostProcessorRegistrationDelegate$BeanPostProcessorChecker - Bean 'org.springframework.security.access.expression.method.DefaultMethodSecurityExpressionHandler@4f86f855' of type [class org.springframework.security.access.expression.method.DefaultMethodSecurityExpressionHandler] is not eligible for getting processed by all BeanPostProcessors (for example: not eligible for auto-proxying)
15 Jun 2016 13:06:14 INFO main  org.springframework.context.support.PostProcessorRegistrationDelegate$BeanPostProcessorChecker - Bean 'org.springframework.security.config.annotation.method.configuration.GlobalMethodSecurityConfiguration' of type [class org.springframework.security.config.annotation.method.configuration.GlobalMethodSecurityConfiguration$$EnhancerBySpringCGLIB$$769ebd32] is not eligible for getting processed by all BeanPostProcessors (for example: not eligible for auto-proxying)
15 Jun 2016 13:06:14 INFO main  org.springframework.context.support.PostProcessorRegistrationDelegate$BeanPostProcessorChecker - Bean 'methodSecurityMetadataSource' of type [class org.springframework.security.access.method.DelegatingMethodSecurityMetadataSource] is not eligible for getting processed by all BeanPostProcessors (for example: not eligible for auto-proxying)
15 Jun 2016 13:06:14 INFO main  org.springframework.boot.context.embedded.tomcat.TomcatEmbeddedServletContainer - Tomcat initialized with port(s): 8080 (http)
15 Jun 2016 13:06:14 INFO localhost-startStop-1  org.springframework.web.context.ContextLoader - Root WebApplicationContext: initialization completed in 1485 ms
15 Jun 2016 13:06:14 INFO localhost-startStop-1  org.springframework.boot.context.embedded.FilterRegistrationBean - Mapping filter: 'characterEncodingFilter' to: [/*]
15 Jun 2016 13:06:14 INFO localhost-startStop-1  org.springframework.boot.context.embedded.FilterRegistrationBean - Mapping filter: 'hiddenHttpMethodFilter' to: [/*]
15 Jun 2016 13:06:14 INFO localhost-startStop-1  org.springframework.boot.context.embedded.FilterRegistrationBean - Mapping filter: 'httpPutFormContentFilter' to: [/*]
15 Jun 2016 13:06:14 INFO localhost-startStop-1  org.springframework.boot.context.embedded.FilterRegistrationBean - Mapping filter: 'requestContextFilter' to: [/*]
15 Jun 2016 13:06:14 INFO localhost-startStop-1  org.springframework.boot.context.embedded.DelegatingFilterProxyRegistrationBean - Mapping filter: 'springSecurityFilterChain' to: [/*]
15 Jun 2016 13:06:14 INFO localhost-startStop-1  org.springframework.boot.context.embedded.ServletRegistrationBean - Mapping servlet: 'dispatcherServlet' to [/]
15 Jun 2016 13:06:15 INFO localhost-startStop-1  org.springframework.security.web.DefaultSecurityFilterChain - Creating filter chain: org.springframework.security.web.util.matcher.AnyRequestMatcher@1, [org.springframework.security.web.context.request.async.WebAsyncManagerIntegrationFilter@49ede0a, org.springframework.security.web.context.SecurityContextPersistenceFilter@514939f4, org.springframework.security.web.header.HeaderWriterFilter@7923175c, org.springframework.security.web.authentication.logout.LogoutFilter@1ec38b12, org.springframework.security.web.authentication.www.BasicAuthenticationFilter@3a929183, org.springframework.security.web.savedrequest.RequestCacheAwareFilter@3afc821c, org.springframework.security.web.servletapi.SecurityContextHolderAwareRequestFilter@37bcb738, org.springframework.security.web.authentication.AnonymousAuthenticationFilter@1b3f79fd, org.springframework.security.web.session.SessionManagementFilter@5166c401, org.springframework.security.web.access.ExceptionTranslationFilter@a3e155f, org.springframework.security.web.access.intercept.FilterSecurityInterceptor@ca4e654]
15 Jun 2016 13:06:15 INFO main  org.springframework.orm.jpa.LocalContainerEntityManagerFactoryBean - Building JPA container EntityManagerFactory for persistence unit 'default'
15 Jun 2016 13:06:16 INFO main  org.springframework.boot.autoconfigure.security.AuthenticationManagerConfiguration - 

Using default security password: 5d665339-458b-40cd-aa03-de9021054f22

15 Jun 2016 13:06:16 INFO main  org.springframework.web.servlet.mvc.method.annotation.RequestMappingHandlerAdapter - Looking for @ControllerAdvice: org.springframework.boot.context.embedded.AnnotationConfigEmbeddedWebApplicationContext@54fff103: startup date [Wed Jun 15 13:06:13 BST 2016]; root of context hierarchy
15 Jun 2016 13:06:16 INFO main  org.springframework.web.servlet.mvc.method.annotation.RequestMappingHandlerMapping - Mapped "{[/createFootballTeam],methods=[POST]}" onto public sis.tv.util.JsonResponse sis.tv.controller.FootballController.createFootballTeam(javax.servlet.http.HttpServletRequest,java.util.Map<java.lang.String, java.lang.Object>)
15 Jun 2016 13:06:16 INFO main  org.springframework.web.servlet.mvc.method.annotation.RequestMappingHandlerMapping - Mapped "{[/getAllFootballTeams],methods=[GET]}" onto public sis.tv.util.JsonResponse sis.tv.controller.FootballController.getAllFootballTeams(java.lang.String)
15 Jun 2016 13:06:16 INFO main  org.springframework.web.servlet.mvc.method.annotation.RequestMappingHandlerMapping - Mapped "{[/getFootballTeamByName],methods=[GET]}" onto public sis.tv.util.JsonResponse sis.tv.controller.FootballController.getFootballTeamByName(java.lang.String)
15 Jun 2016 13:06:16 INFO main  org.springframework.web.servlet.mvc.method.annotation.RequestMappingHandlerMapping - Mapped "{[/error]}" onto public org.springframework.http.ResponseEntity<java.util.Map<java.lang.String, java.lang.Object>> org.springframework.boot.autoconfigure.web.BasicErrorController.error(javax.servlet.http.HttpServletRequest)
15 Jun 2016 13:06:16 INFO main  org.springframework.web.servlet.mvc.method.annotation.RequestMappingHandlerMapping - Mapped "{[/error],produces=[text/html]}" onto public org.springframework.web.servlet.ModelAndView org.springframework.boot.autoconfigure.web.BasicErrorController.errorHtml(javax.servlet.http.HttpServletRequest,javax.servlet.http.HttpServletResponse)
15 Jun 2016 13:06:16 INFO main  org.springframework.web.servlet.handler.SimpleUrlHandlerMapping - Mapped URL path [/webjars/**] onto handler of type [class org.springframework.web.servlet.resource.ResourceHttpRequestHandler]
15 Jun 2016 13:06:16 INFO main  org.springframework.web.servlet.handler.SimpleUrlHandlerMapping - Mapped URL path [/**] onto handler of type [class org.springframework.web.servlet.resource.ResourceHttpRequestHandler]
15 Jun 2016 13:06:16 INFO main  org.springframework.web.servlet.handler.SimpleUrlHandlerMapping - Mapped URL path [/**/favicon.ico] onto handler of type [class org.springframework.web.servlet.resource.ResourceHttpRequestHandler]
15 Jun 2016 13:06:17 INFO main  org.springframework.jmx.export.annotation.AnnotationMBeanExporter - Registering beans for JMX exposure on startup
15 Jun 2016 13:06:17 INFO main  org.springframework.boot.context.embedded.tomcat.TomcatEmbeddedServletContainer - Tomcat started on port(s): 8080 (http)
15 Jun 2016 13:06:24 INFO http-nio-8080-exec-1  org.springframework.web.servlet.DispatcherServlet - FrameworkServlet 'dispatcherServlet': initialization started
15 Jun 2016 13:06:24 INFO http-nio-8080-exec-1  org.springframework.web.servlet.DispatcherServlet - FrameworkServlet 'dispatcherServlet': initialization completed in 11 ms
15 Jun 2016 13:24:19 INFO Thread-3  org.springframework.boot.context.embedded.AnnotationConfigEmbeddedWebApplicationContext - Closing org.springframework.boot.context.embedded.AnnotationConfigEmbeddedWebApplicationContext@54fff103: startup date [Wed Jun 15 13:06:13 BST 2016]; root of context hierarchy
15 Jun 2016 13:24:19 INFO Thread-3  org.springframework.jmx.export.annotation.AnnotationMBeanExporter - Unregistering JMX-exposed beans on shutdown
15 Jun 2016 13:24:19 INFO Thread-3  org.springframework.orm.jpa.LocalContainerEntityManagerFactoryBean - Closing JPA EntityManagerFactory for persistence unit 'default'
